\BOOKMARK [0][-]{chapter.1}{Introduction}{}% 1
\BOOKMARK [1][-]{section.1.1}{Purpose}{chapter.1}% 2
\BOOKMARK [1][-]{section.1.2}{Scope}{chapter.1}% 3
\BOOKMARK [1][-]{section.1.3}{Definitions \046 Acronyms}{chapter.1}% 4
\BOOKMARK [1][-]{section.1.4}{Document Structure}{chapter.1}% 5
\BOOKMARK [0][-]{chapter.2}{System Overview}{}% 6
\BOOKMARK [1][-]{section.2.1}{System constraints}{chapter.2}% 7
\BOOKMARK [0][-]{chapter.3}{Architectural Design}{}% 8
\BOOKMARK [1][-]{section.3.1}{Layers}{chapter.3}% 9
\BOOKMARK [2][-]{subsection.3.1.1}{View}{section.3.1}% 10
\BOOKMARK [2][-]{subsection.3.1.2}{Controller}{section.3.1}% 11
\BOOKMARK [2][-]{subsection.3.1.3}{Model}{section.3.1}% 12
\BOOKMARK [1][-]{section.3.2}{Tiers}{chapter.3}% 13
\BOOKMARK [1][-]{section.3.3}{Cloud and Local Model}{chapter.3}% 14
\BOOKMARK [1][-]{section.3.4}{Application components and their interaction}{chapter.3}% 15
\BOOKMARK [2][-]{subsection.3.4.1}{Login component}{section.3.4}% 16
\BOOKMARK [2][-]{subsection.3.4.2}{Sign in component}{section.3.4}% 17
\BOOKMARK [2][-]{subsection.3.4.3}{Reset password component}{section.3.4}% 18
\BOOKMARK [2][-]{subsection.3.4.4}{Logout component}{section.3.4}% 19
\BOOKMARK [2][-]{subsection.3.4.5}{Personal data component}{section.3.4}% 20
\BOOKMARK [2][-]{subsection.3.4.6}{DSI computation engine}{section.3.4}% 21
\BOOKMARK [2][-]{subsection.3.4.7}{Plug component}{section.3.4}% 22
\BOOKMARK [2][-]{subsection.3.4.8}{Badges component}{section.3.4}% 23
\BOOKMARK [1][-]{section.3.5}{External services}{chapter.3}% 24
\BOOKMARK [2][-]{subsection.3.5.1}{Firebase database}{section.3.5}% 25
\BOOKMARK [2][-]{subsection.3.5.2}{Firebase authentication}{section.3.5}% 26
\BOOKMARK [2][-]{subsection.3.5.3}{Bluetooth core service}{section.3.5}% 27
\BOOKMARK [2][-]{subsection.3.5.4}{Geolocalization core service}{section.3.5}% 28
\BOOKMARK [2][-]{subsection.3.5.5}{Realm real-time database}{section.3.5}% 29
\BOOKMARK [2][-]{subsection.3.5.6}{Gilde image loader}{section.3.5}% 30
\BOOKMARK [2][-]{subsection.3.5.7}{Picasso image cropper}{section.3.5}% 31
\BOOKMARK [1][-]{section.3.6}{Algorithms}{chapter.3}% 32
\BOOKMARK [0][-]{chapter.4}{User Interface Design}{}% 33
\BOOKMARK [1][-]{section.4.1}{Splash Screen and Registration \046 Login Pages}{chapter.4}% 34
\BOOKMARK [1][-]{section.4.2}{Home Page}{chapter.4}% 35
\BOOKMARK [1][-]{section.4.3}{During The Trip Page}{chapter.4}% 36
\BOOKMARK [1][-]{section.4.4}{Report Page}{chapter.4}% 37
\BOOKMARK [1][-]{section.4.5}{Profile Page}{chapter.4}% 38
\BOOKMARK [1][-]{section.4.6}{Settings Page}{chapter.4}% 39
\BOOKMARK [1][-]{section.4.7}{Smart Objects Page}{chapter.4}% 40
\BOOKMARK [0][-]{chapter.5}{Future developments}{}% 41
